<?xml version="1.0" encoding="UTF-8"?>
<!-- Generated by org.testng.reporters.JUnitReportReporter -->
<testsuite hostname="AIPL6335LT14539" failures="0" tests="3" name="Test.PutPatchDeleteExamples" time="3.018" errors="0" timestamp="2023-01-14T12:26:37 IST" skipped="0">
  <testcase classname="Test.PutPatchDeleteExamples" name="putTest" time="0.471"/>
  <system-out/>
  <testcase classname="Test.PutPatchDeleteExamples" name="DeleteTest" time="2.019"/>
  <system-out/>
  <testcase classname="Test.PutPatchDeleteExamples" name="patchTest" time="0.528"/>
  <system-out/>
</testsuite> <!-- Test.PutPatchDeleteExamples -->
