<?xml version="1.0" encoding="UTF-8"?>
<!-- Generated by org.testng.reporters.JUnitReportReporter -->
<testsuite hostname="AIPL6335LT14539" failures="0" tests="1" name="Test.SoapXML" time="3.391" errors="0" timestamp="2023-01-15T10:51:00 IST" skipped="0">
  <testcase classname="Test.SoapXML" name="soapxml" time="3.391"/>
  <system-out/>
</testsuite> <!-- Test.SoapXML -->
