<?xml version="1.0" encoding="UTF-8"?>
<!-- Generated by org.testng.reporters.JUnitReportReporter -->
<testsuite hostname="AIPL6335LT14539" failures="0" tests="2" name="Test.testExamples" time="2.079" errors="0" timestamp="2023-01-14T11:16:49 IST" skipped="0">
  <testcase classname="Test.testExamples" name="test_2" time="0.671"/>
  <system-out/>
  <testcase classname="Test.testExamples" name="test_1" time="1.408"/>
  <system-out/>
</testsuite> <!-- Test.testExamples -->
