<?xml version="1.0" encoding="UTF-8"?>
<!-- Generated by org.testng.reporters.JUnitReportReporter -->
<testsuite hostname="AIPL6335LT14539" failures="0" tests="1" name="Test2.dynamicpayload" time="1.436" errors="0" timestamp="2023-01-26T13:07:10 IST" skipped="0">
  <testcase classname="Test2.dynamicpayload" name="addBook" time="1.436"/>
  <system-out/>
</testsuite> <!-- Test2.dynamicpayload -->
