<?xml version="1.0" encoding="UTF-8"?>
<!-- Generated by org.testng.reporters.JUnitReportReporter -->
<testsuite hostname="AIPL6335LT14539" failures="0" tests="3" name="Test2.dynamicpayloadTest" time="1.232" errors="0" timestamp="2023-01-26T14:09:57 IST" skipped="0">
  <testcase classname="Test2.dynamicpayloadTest" name="addBook" time="0.082"/>
  <system-out/>
  <testcase classname="Test2.dynamicpayloadTest" name="addBook" time="0.071"/>
  <system-out/>
  <testcase classname="Test2.dynamicpayloadTest" name="addBook" time="1.079"/>
  <system-out/>
</testsuite> <!-- Test2.dynamicpayloadTest -->
