<?xml version="1.0" encoding="UTF-8"?>
<!-- Generated by org.testng.reporters.JUnitReportReporter -->
<testsuite hostname="AIPL6335LT14539" failures="0" tests="1" name="Test.GetAndPostExamples" time="2.221" errors="0" timestamp="2023-01-14T12:16:24 IST" skipped="0">
  <testcase classname="Test.GetAndPostExamples" name="postTest" time="2.221"/>
  <system-out/>
</testsuite> <!-- Test.GetAndPostExamples -->
