<?xml version="1.0" encoding="UTF-8"?>
<!-- Generated by org.testng.reporters.JUnitReportReporter -->
<testsuite hostname="AIPL6335LT14539" failures="0" tests="1" name="Test2.SumValidation" time="0.877" errors="0" timestamp="2023-01-26T11:24:58 IST" skipped="0">
  <testcase classname="Test2.SumValidation" name="sumvalidation" time="0.877"/>
  <system-out/>
</testsuite> <!-- Test2.SumValidation -->
